[08Jan2025 00:04:34.272] [Server thread/INFO] [com.teampotato.redirector.Redirector/]: Redirecting forge/net/mca/server/world/data/Building$validationResult
[08Jan2025 00:05:30.549] [Server thread/INFO] [net.minecraft.server.MinecraftServer/]: EXPRIMEVACAS has made the advancement [This is Goblin Musk]
[08Jan2025 00:10:12.491] [Server thread/INFO] [com.teampotato.redirector.Redirector/]: Redirecting de/keksuccino/fancymenu/networking/PacketHandler$PacketDirection
[08Jan2025 00:10:13.636] [Server thread/INFO] [com.teampotato.redirector.Redirector/]: Redirecting net/minecraft/network/chat/FilterMask$Type
[08Jan2025 00:10:13.641] [Server thread/INFO] [net.minecraft.server.MinecraftServer/]: <EXPRIMEVACAS> zzz
[08Jan2025 00:21:26.470] [Server thread/INFO] [com.teampotato.redirector.Redirector/]: Redirecting net/minecraft/world/entity/projectile/AbstractArrow$Pickup
[08Jan2025 00:21:26.722] [Server thread/INFO] [com.teampotato.redirector.Redirector/]: Redirecting net/minecraftforge/event/entity/ProjectileImpactEvent$ImpactResult
[08Jan2025 00:21:55.371] [Server thread/INFO] [net.minecraft.server.MinecraftServer/]: <EXPRIMEVACAS> zzz
[08Jan2025 00:27:23.406] [Server thread/INFO] [com.teampotato.redirector.Redirector/]: Redirecting com/simibubi/create/content/kinetics/transmission/sequencer/SequencerInstructions
[08Jan2025 00:34:24.706] [Server thread/INFO] [net.minecraft.server.players.PlayerList/]: ErickJaeger[/172.22.49.244:58080] logged in with entity id 5243 at (1215.5695880482012, 73.0, 259.5468041859086)
[08Jan2025 00:34:24.767] [Server thread/INFO] [net.minecraft.server.MinecraftServer/]: ErickJaeger joined the game
[08Jan2025 00:34:56.797] [Server thread/INFO] [com.teampotato.redirector.Redirector/]: Redirecting net/minecraft/commands/SharedSuggestionProvider$ElementSuggestionType
[08Jan2025 00:35:23.785] [Server thread/INFO] [net.minecraft.server.MinecraftServer/]: [ErickJaeger: Set own game mode to Creative Mode]
[08Jan2025 00:35:41.877] [Server thread/INFO] [com.teampotato.redirector.Redirector/]: Redirecting net/minecraft/world/level/gameevent/GameEventListener$DeliveryMode
[08Jan2025 00:35:48.832] [Server thread/INFO] [net.minecraft.server.MinecraftServer/]: [ErickJaeger: Generated structure "minecraft:ocean_ruin_warm" at 1287, 127, 140]
[08Jan2025 00:37:33.906] [Server thread/INFO] [com.teampotato.redirector.Redirector/]: Redirecting net/minecraft/server/commands/FillCommand$Mode
[08Jan2025 00:37:33.912] [Server thread/INFO] [net.minecraft.server.MinecraftServer/]: [ErickJaeger: Successfully filled 179 block(s)]
[08Jan2025 00:37:43.137] [Server thread/INFO] [net.minecraft.server.MinecraftServer/]: [ErickJaeger: Successfully filled 298 block(s)]
[08Jan2025 00:38:23.616] [Server thread/INFO] [com.teampotato.redirector.Redirector/]: Redirecting net/minecraft/world/level/levelgen/structure/StructureCheckResult
[08Jan2025 00:38:23.619] [Server thread/INFO] [net.minecraft.server.commands.LocateCommand/]: Locating element minecraft:ocean_ruin_warm took 8 ms
[08Jan2025 00:40:38.781] [Server thread/INFO] [net.minecraft.server.MinecraftServer/]: [ErickJaeger: Teleported ErickJaeger to 831.500000, 64.500000, 4934.500000]
[08Jan2025 00:42:28.673] [Server thread/INFO] [net.minecraft.server.MinecraftServer/]: <EXPRIMEVACAS> guudni hola
[08Jan2025 00:42:44.453] [Server thread/INFO] [forge.net.mca.MCA/]: Villagers clothing  does not exist!
[08Jan2025 00:42:44.453] [Server thread/INFO] [forge.net.mca.MCA/]: Villagers hair  does not exist!
[08Jan2025 00:44:04.179] [Server thread/INFO] [net.minecraft.server.MinecraftServer/]: <EXPRIMEVACAS> Lala es bonito donde vives?
[08Jan2025 00:45:59.030] [Server thread/INFO] [net.minecraft.server.MinecraftServer/]: [ErickJaeger: Teleported ErickJaeger to 96.500000, 66.000000, 3216.500000]
